/data/leuven/380/vsc38053/miniconda3/envs/mmaction_clean/lib/python3.10/site-packages/torch/nn/modules/conv.py:605: UserWarning: Applied workaround for CuDNN issue, install nvrtc.so (Triggered internally at ../aten/src/ATen/native/cudnn/Conv_v8.cpp:80.)
  return F.conv3d(
[mov,mp4,m4a,3gp,3g2,mj2 @ 0x9606880] Referenced QT chapter track not found
[mov,mp4,m4a,3gp,3g2,mj2 @ 0x9606880] Referenced QT chapter track not found
[mov,mp4,m4a,3gp,3g2,mj2 @ 0x9633e40] Referenced QT chapter track not found
[mov,mp4,m4a,3gp,3g2,mj2 @ 0xa988640] Referenced QT chapter track not found
[mov,mp4,m4a,3gp,3g2,mj2 @ 0x95db400] Referenced QT chapter track not found
[mov,mp4,m4a,3gp,3g2,mj2 @ 0xc5e9700] Referenced QT chapter track not found
[mov,mp4,m4a,3gp,3g2,mj2 @ 0x9633e40] Referenced QT chapter track not found
[mov,mp4,m4a,3gp,3g2,mj2 @ 0xce06ec0] Referenced QT chapter track not found
[mov,mp4,m4a,3gp,3g2,mj2 @ 0x95e0040] Referenced QT chapter track not found
[mov,mp4,m4a,3gp,3g2,mj2 @ 0x9606c80] Referenced QT chapter track not found
[mov,mp4,m4a,3gp,3g2,mj2 @ 0x9606880] Referenced QT chapter track not found
[mov,mp4,m4a,3gp,3g2,mj2 @ 0x9606880] Referenced QT chapter track not found
[mov,mp4,m4a,3gp,3g2,mj2 @ 0x95e3300] Referenced QT chapter track not found
[mov,mp4,m4a,3gp,3g2,mj2 @ 0x9606880] Referenced QT chapter track not found
[mov,mp4,m4a,3gp,3g2,mj2 @ 0x9606880] Referenced QT chapter track not found
[mov,mp4,m4a,3gp,3g2,mj2 @ 0xa849880] Referenced QT chapter track not found
[mov,mp4,m4a,3gp,3g2,mj2 @ 0x96063c0] Referenced QT chapter track not found
[mov,mp4,m4a,3gp,3g2,mj2 @ 0x9606880] Referenced QT chapter track not found
[mov,mp4,m4a,3gp,3g2,mj2 @ 0x9606880] Referenced QT chapter track not found
[mov,mp4,m4a,3gp,3g2,mj2 @ 0xdf27280] Referenced QT chapter track not found
[mov,mp4,m4a,3gp,3g2,mj2 @ 0x9606880] Referenced QT chapter track not found
[mov,mp4,m4a,3gp,3g2,mj2 @ 0x6279600] Referenced QT chapter track not found
[mov,mp4,m4a,3gp,3g2,mj2 @ 0x963f480] Referenced QT chapter track not found
[mov,mp4,m4a,3gp,3g2,mj2 @ 0x9606880] Referenced QT chapter track not found
[mov,mp4,m4a,3gp,3g2,mj2 @ 0x9606880] Referenced QT chapter track not found
[mov,mp4,m4a,3gp,3g2,mj2 @ 0x9606880] Referenced QT chapter track not found
[mov,mp4,m4a,3gp,3g2,mj2 @ 0x9606880] Referenced QT chapter track not found
[mov,mp4,m4a,3gp,3g2,mj2 @ 0x9606880] Referenced QT chapter track not found
[mov,mp4,m4a,3gp,3g2,mj2 @ 0x95daa40] Referenced QT chapter track not found
[mov,mp4,m4a,3gp,3g2,mj2 @ 0xc84ea00] Referenced QT chapter track not found
[mov,mp4,m4a,3gp,3g2,mj2 @ 0x9606880] Referenced QT chapter track not found
[mov,mp4,m4a,3gp,3g2,mj2 @ 0x9606880] Referenced QT chapter track not found
[mov,mp4,m4a,3gp,3g2,mj2 @ 0x9606880] Referenced QT chapter track not found
[mov,mp4,m4a,3gp,3g2,mj2 @ 0x95da680] Referenced QT chapter track not found
[mov,mp4,m4a,3gp,3g2,mj2 @ 0x9606880] Referenced QT chapter track not found
[mov,mp4,m4a,3gp,3g2,mj2 @ 0x960af00] Referenced QT chapter track not found
[mov,mp4,m4a,3gp,3g2,mj2 @ 0x9606880] Referenced QT chapter track not found
[mov,mp4,m4a,3gp,3g2,mj2 @ 0x9606880] Referenced QT chapter track not found
[mov,mp4,m4a,3gp,3g2,mj2 @ 0x96063c0] Referenced QT chapter track not found
[mov,mp4,m4a,3gp,3g2,mj2 @ 0xf916440] Referenced QT chapter track not found
[mov,mp4,m4a,3gp,3g2,mj2 @ 0x9606880] Referenced QT chapter track not found
[mov,mp4,m4a,3gp,3g2,mj2 @ 0x95d90c0] Referenced QT chapter track not found
[mov,mp4,m4a,3gp,3g2,mj2 @ 0x9606880] Referenced QT chapter track not found
[mov,mp4,m4a,3gp,3g2,mj2 @ 0x963d280] Referenced QT chapter track not found
[mov,mp4,m4a,3gp,3g2,mj2 @ 0x9606880] Referenced QT chapter track not found
[mov,mp4,m4a,3gp,3g2,mj2 @ 0x96063c0] Referenced QT chapter track not found
[mov,mp4,m4a,3gp,3g2,mj2 @ 0x9606880] Referenced QT chapter track not found
[mov,mp4,m4a,3gp,3g2,mj2 @ 0x96063c0] Referenced QT chapter track not found
[mov,mp4,m4a,3gp,3g2,mj2 @ 0x9606880] Referenced QT chapter track not found
[mov,mp4,m4a,3gp,3g2,mj2 @ 0x9606880] Referenced QT chapter track not found
[mov,mp4,m4a,3gp,3g2,mj2 @ 0x9606880] Referenced QT chapter track not found
[mov,mp4,m4a,3gp,3g2,mj2 @ 0x9606880] Referenced QT chapter track not found
[mov,mp4,m4a,3gp,3g2,mj2 @ 0x9606880] Referenced QT chapter track not found
[mov,mp4,m4a,3gp,3g2,mj2 @ 0xa8173c0] Referenced QT chapter track not found
[mov,mp4,m4a,3gp,3g2,mj2 @ 0x9606880] Referenced QT chapter track not found
[mov,mp4,m4a,3gp,3g2,mj2 @ 0x95dee00] Referenced QT chapter track not found
[mov,mp4,m4a,3gp,3g2,mj2 @ 0x9606880] Referenced QT chapter track not found
[mov,mp4,m4a,3gp,3g2,mj2 @ 0x9633e40] Referenced QT chapter track not found
[mov,mp4,m4a,3gp,3g2,mj2 @ 0x9606880] Referenced QT chapter track not found
[mov,mp4,m4a,3gp,3g2,mj2 @ 0x9633e40] Referenced QT chapter track not found
[mov,mp4,m4a,3gp,3g2,mj2 @ 0x9606880] Referenced QT chapter track not found
[mov,mp4,m4a,3gp,3g2,mj2 @ 0x9643900] Referenced QT chapter track not found
[mov,mp4,m4a,3gp,3g2,mj2 @ 0x9643900] Referenced QT chapter track not found
[mov,mp4,m4a,3gp,3g2,mj2 @ 0x9633e40] Referenced QT chapter track not found
[mov,mp4,m4a,3gp,3g2,mj2 @ 0x9606880] Referenced QT chapter track not found
[mov,mp4,m4a,3gp,3g2,mj2 @ 0x9633e40] Referenced QT chapter track not found
[mov,mp4,m4a,3gp,3g2,mj2 @ 0x9606880] Referenced QT chapter track not found
[mov,mp4,m4a,3gp,3g2,mj2 @ 0x9633e40] Referenced QT chapter track not found
[mov,mp4,m4a,3gp,3g2,mj2 @ 0x9606880] Referenced QT chapter track not found
[mov,mp4,m4a,3gp,3g2,mj2 @ 0x9606880] Referenced QT chapter track not found
[mov,mp4,m4a,3gp,3g2,mj2 @ 0x9606880] Referenced QT chapter track not found
[mov,mp4,m4a,3gp,3g2,mj2 @ 0xa988280] Referenced QT chapter track not found
[mov,mp4,m4a,3gp,3g2,mj2 @ 0x963fc40] Referenced QT chapter track not found
[mov,mp4,m4a,3gp,3g2,mj2 @ 0x9606880] Referenced QT chapter track not found
[mov,mp4,m4a,3gp,3g2,mj2 @ 0x9606880] Referenced QT chapter track not found
[mov,mp4,m4a,3gp,3g2,mj2 @ 0x9606880] Referenced QT chapter track not found
[mov,mp4,m4a,3gp,3g2,mj2 @ 0x96063c0] Referenced QT chapter track not found
[mov,mp4,m4a,3gp,3g2,mj2 @ 0x95e0040] Referenced QT chapter track not found
[mov,mp4,m4a,3gp,3g2,mj2 @ 0x9606880] Referenced QT chapter track not found
[mov,mp4,m4a,3gp,3g2,mj2 @ 0x9606880] Referenced QT chapter track not found
[mov,mp4,m4a,3gp,3g2,mj2 @ 0x9606880] Referenced QT chapter track not found
[mov,mp4,m4a,3gp,3g2,mj2 @ 0x96063c0] Referenced QT chapter track not found
[mov,mp4,m4a,3gp,3g2,mj2 @ 0x9606880] Referenced QT chapter track not found
[mov,mp4,m4a,3gp,3g2,mj2 @ 0x9606880] Referenced QT chapter track not found
[mov,mp4,m4a,3gp,3g2,mj2 @ 0x9606880] Referenced QT chapter track not found
[mov,mp4,m4a,3gp,3g2,mj2 @ 0xa988640] Referenced QT chapter track not found
[mov,mp4,m4a,3gp,3g2,mj2 @ 0x96063c0] Referenced QT chapter track not found
[mov,mp4,m4a,3gp,3g2,mj2 @ 0x96063c0] Referenced QT chapter track not found
[mov,mp4,m4a,3gp,3g2,mj2 @ 0x9606880] Referenced QT chapter track not found
[mov,mp4,m4a,3gp,3g2,mj2 @ 0x95dee00] Referenced QT chapter track not found
[mov,mp4,m4a,3gp,3g2,mj2 @ 0x9606880] Referenced QT chapter track not found
[mov,mp4,m4a,3gp,3g2,mj2 @ 0x9606880] Referenced QT chapter track not found
[mov,mp4,m4a,3gp,3g2,mj2 @ 0x96063c0] Referenced QT chapter track not found
[mov,mp4,m4a,3gp,3g2,mj2 @ 0xa848f00] Referenced QT chapter track not found
[mov,mp4,m4a,3gp,3g2,mj2 @ 0x9606880] Referenced QT chapter track not found
[mov,mp4,m4a,3gp,3g2,mj2 @ 0x9606880] Referenced QT chapter track not found
[mov,mp4,m4a,3gp,3g2,mj2 @ 0x9606880] Referenced QT chapter track not found
[mov,mp4,m4a,3gp,3g2,mj2 @ 0x9606880] Referenced QT chapter track not found
[mov,mp4,m4a,3gp,3g2,mj2 @ 0x9638580] Referenced QT chapter track not found
[mov,mp4,m4a,3gp,3g2,mj2 @ 0xcb7a0c0] Referenced QT chapter track not found
[mov,mp4,m4a,3gp,3g2,mj2 @ 0x9606880] Referenced QT chapter track not found
[mov,mp4,m4a,3gp,3g2,mj2 @ 0xb137700] Referenced QT chapter track not found
[mov,mp4,m4a,3gp,3g2,mj2 @ 0x95dee00] Referenced QT chapter track not found
[mov,mp4,m4a,3gp,3g2,mj2 @ 0x9606880] Referenced QT chapter track not found
[mov,mp4,m4a,3gp,3g2,mj2 @ 0x96063c0] Referenced QT chapter track not found
[mov,mp4,m4a,3gp,3g2,mj2 @ 0xebcd980] Referenced QT chapter track not found
[mov,mp4,m4a,3gp,3g2,mj2 @ 0xa8708c0] Referenced QT chapter track not found
[mov,mp4,m4a,3gp,3g2,mj2 @ 0x9606880] Referenced QT chapter track not found
[mov,mp4,m4a,3gp,3g2,mj2 @ 0x9606880] Referenced QT chapter track not found
[mov,mp4,m4a,3gp,3g2,mj2 @ 0x9606880] Referenced QT chapter track not found
[mov,mp4,m4a,3gp,3g2,mj2 @ 0xc56ffc0] Referenced QT chapter track not found
[mov,mp4,m4a,3gp,3g2,mj2 @ 0x95e0980] Referenced QT chapter track not found
[mov,mp4,m4a,3gp,3g2,mj2 @ 0xb3fbf00] Referenced QT chapter track not found
[mov,mp4,m4a,3gp,3g2,mj2 @ 0x96063c0] Referenced QT chapter track not found
[mov,mp4,m4a,3gp,3g2,mj2 @ 0x9606880] Referenced QT chapter track not found
[mov,mp4,m4a,3gp,3g2,mj2 @ 0x9606880] Referenced QT chapter track not found
[mov,mp4,m4a,3gp,3g2,mj2 @ 0x96063c0] Referenced QT chapter track not found
[mov,mp4,m4a,3gp,3g2,mj2 @ 0xcb35d80] Referenced QT chapter track not found
[mov,mp4,m4a,3gp,3g2,mj2 @ 0x9636e40] Referenced QT chapter track not found
[mov,mp4,m4a,3gp,3g2,mj2 @ 0x96063c0] Referenced QT chapter track not found
[mov,mp4,m4a,3gp,3g2,mj2 @ 0x9636e40] Referenced QT chapter track not found
[mov,mp4,m4a,3gp,3g2,mj2 @ 0x9606880] Referenced QT chapter track not found
[mov,mp4,m4a,3gp,3g2,mj2 @ 0x9636e40] Referenced QT chapter track not found
[mov,mp4,m4a,3gp,3g2,mj2 @ 0xc82cc40] Referenced QT chapter track not found
[mov,mp4,m4a,3gp,3g2,mj2 @ 0x9606880] Referenced QT chapter track not found
[mov,mp4,m4a,3gp,3g2,mj2 @ 0x9606880] Referenced QT chapter track not found
[mov,mp4,m4a,3gp,3g2,mj2 @ 0x9633e40] Referenced QT chapter track not found
[mov,mp4,m4a,3gp,3g2,mj2 @ 0x9643900] Referenced QT chapter track not found
[mov,mp4,m4a,3gp,3g2,mj2 @ 0x9606880] Referenced QT chapter track not found
[mov,mp4,m4a,3gp,3g2,mj2 @ 0x9606880] Referenced QT chapter track not found
[mov,mp4,m4a,3gp,3g2,mj2 @ 0x9606880] Referenced QT chapter track not found
[mov,mp4,m4a,3gp,3g2,mj2 @ 0x9606880] Referenced QT chapter track not found
[mov,mp4,m4a,3gp,3g2,mj2 @ 0x9606880] Referenced QT chapter track not found
[mov,mp4,m4a,3gp,3g2,mj2 @ 0x95dbe40] Referenced QT chapter track not found
[mov,mp4,m4a,3gp,3g2,mj2 @ 0x95dfa40] Referenced QT chapter track not found
[mov,mp4,m4a,3gp,3g2,mj2 @ 0x96444c0] Referenced QT chapter track not found
[mov,mp4,m4a,3gp,3g2,mj2 @ 0x9606880] Referenced QT chapter track not found
[mov,mp4,m4a,3gp,3g2,mj2 @ 0xa8484c0] Referenced QT chapter track not found
[mov,mp4,m4a,3gp,3g2,mj2 @ 0x9638940] Referenced QT chapter track not found
[mov,mp4,m4a,3gp,3g2,mj2 @ 0x95e0d40] Referenced QT chapter track not found
[mov,mp4,m4a,3gp,3g2,mj2 @ 0xa848b80] Referenced QT chapter track not found
[mov,mp4,m4a,3gp,3g2,mj2 @ 0xc9f82c0] Referenced QT chapter track not found
[mov,mp4,m4a,3gp,3g2,mj2 @ 0xb813980] Referenced QT chapter track not found
[mov,mp4,m4a,3gp,3g2,mj2 @ 0x95d90c0] Referenced QT chapter track not found
[mov,mp4,m4a,3gp,3g2,mj2 @ 0x95e1e00] Referenced QT chapter track not found
[mov,mp4,m4a,3gp,3g2,mj2 @ 0x9636e40] Referenced QT chapter track not found
[mov,mp4,m4a,3gp,3g2,mj2 @ 0x9606880] Referenced QT chapter track not found
Traceback (most recent call last):
  File "/data/leuven/380/vsc38053/miniconda3/envs/mmaction_clean/lib/python3.10/site-packages/torch/utils/data/dataloader.py", line 1132, in _try_get_data
    data = self._data_queue.get(timeout=timeout)
  File "/data/leuven/380/vsc38053/miniconda3/envs/mmaction_clean/lib/python3.10/multiprocessing/queues.py", line 113, in get
    if not self._poll(timeout):
  File "/data/leuven/380/vsc38053/miniconda3/envs/mmaction_clean/lib/python3.10/multiprocessing/connection.py", line 257, in poll
    return self._poll(timeout)
  File "/data/leuven/380/vsc38053/miniconda3/envs/mmaction_clean/lib/python3.10/multiprocessing/connection.py", line 424, in _poll
    r = wait([self], timeout)
  File "/data/leuven/380/vsc38053/miniconda3/envs/mmaction_clean/lib/python3.10/multiprocessing/connection.py", line 931, in wait
    ready = selector.select(timeout)
  File "/data/leuven/380/vsc38053/miniconda3/envs/mmaction_clean/lib/python3.10/selectors.py", line 416, in select
    fd_event_list = self._selector.poll(timeout)
  File "/data/leuven/380/vsc38053/miniconda3/envs/mmaction_clean/lib/python3.10/site-packages/torch/utils/data/_utils/signal_handling.py", line 66, in handler
    _error_if_any_worker_fails()
RuntimeError: DataLoader worker (pid 60355) is killed by signal: Killed. 

The above exception was the direct cause of the following exception:

Traceback (most recent call last):
  File "/vsc-hard-mounts/leuven-data/380/vsc38053/RD_Project/mmaction2/tools/train.py", line 143, in <module>
    main()
  File "/vsc-hard-mounts/leuven-data/380/vsc38053/RD_Project/mmaction2/tools/train.py", line 139, in main
    runner.train()
  File "/data/leuven/380/vsc38053/miniconda3/envs/mmaction_clean/lib/python3.10/site-packages/mmengine/runner/runner.py", line 1777, in train
    model = self.train_loop.run()  # type: ignore
  File "/data/leuven/380/vsc38053/miniconda3/envs/mmaction_clean/lib/python3.10/site-packages/mmengine/runner/loops.py", line 105, in run
    self.runner.val_loop.run()
  File "/data/leuven/380/vsc38053/miniconda3/envs/mmaction_clean/lib/python3.10/site-packages/mmengine/runner/loops.py", line 378, in run
    for idx, data_batch in enumerate(self.dataloader):
  File "/data/leuven/380/vsc38053/miniconda3/envs/mmaction_clean/lib/python3.10/site-packages/torch/utils/data/dataloader.py", line 630, in __next__
    data = self._next_data()
  File "/data/leuven/380/vsc38053/miniconda3/envs/mmaction_clean/lib/python3.10/site-packages/torch/utils/data/dataloader.py", line 1328, in _next_data
    idx, data = self._get_data()
  File "/data/leuven/380/vsc38053/miniconda3/envs/mmaction_clean/lib/python3.10/site-packages/torch/utils/data/dataloader.py", line 1294, in _get_data
    success, data = self._try_get_data()
  File "/data/leuven/380/vsc38053/miniconda3/envs/mmaction_clean/lib/python3.10/site-packages/torch/utils/data/dataloader.py", line 1145, in _try_get_data
    raise RuntimeError(f'DataLoader worker (pid(s) {pids_str}) exited unexpectedly') from e
RuntimeError: DataLoader worker (pid(s) 60355) exited unexpectedly
slurmstepd: error: Detected 1 oom_kill event in StepId=65450963.batch. Some of the step tasks have been OOM Killed.
