Traceback (most recent call last):
  File "/data/leuven/380/vsc38053/miniconda3/envs/mmaction_clean/lib/python3.10/site-packages/mmengine/utils/misc.py", line 77, in import_modules_from_strings
    imported_tmp = import_module(imp)
  File "/data/leuven/380/vsc38053/miniconda3/envs/mmaction_clean/lib/python3.10/importlib/__init__.py", line 126, in import_module
    return _bootstrap._gcd_import(name[level:], package, level)
  File "<frozen importlib._bootstrap>", line 1050, in _gcd_import
  File "<frozen importlib._bootstrap>", line 1027, in _find_and_load
  File "<frozen importlib._bootstrap>", line 1004, in _find_and_load_unlocked
ModuleNotFoundError: No module named 'epic_segment_dataset'

During handling of the above exception, another exception occurred:

Traceback (most recent call last):
  File "/data/leuven/380/vsc38053/miniconda3/envs/mmaction_clean/lib/python3.10/site-packages/mmengine/config/config.py", line 466, in fromfile
    import_modules_from_strings(**cfg_dict['custom_imports'])
  File "/data/leuven/380/vsc38053/miniconda3/envs/mmaction_clean/lib/python3.10/site-packages/mmengine/utils/misc.py", line 84, in import_modules_from_strings
    raise ImportError(f'Failed to import {imp}')
ImportError: Failed to import epic_segment_dataset

The above exception was the direct cause of the following exception:

Traceback (most recent call last):
  File "/vsc-hard-mounts/leuven-data/380/vsc38053/RD_Project/mmaction2/tools/train.py", line 143, in <module>
    main()
  File "/vsc-hard-mounts/leuven-data/380/vsc38053/RD_Project/mmaction2/tools/train.py", line 124, in main
    cfg = Config.fromfile(args.config)
  File "/data/leuven/380/vsc38053/miniconda3/envs/mmaction_clean/lib/python3.10/site-packages/mmengine/config/config.py", line 478, in fromfile
    raise ImportError(err_msg) from e
ImportError: Failed to import custom modules from {'imports': ['epic_segment_dataset'], 'allow_failed_imports': False}, the current sys.path is: 
    /vsc-hard-mounts/leuven-data/380/vsc38053/RD_Project/mmaction2/tools
    /data/leuven/380/vsc38053/miniconda3/envs/mmaction_clean/lib/python310.zip
    /data/leuven/380/vsc38053/miniconda3/envs/mmaction_clean/lib/python3.10
    /data/leuven/380/vsc38053/miniconda3/envs/mmaction_clean/lib/python3.10/lib-dynload
    /user/leuven/380/vsc38053/.local/lib/python3.10/site-packages
    /data/leuven/380/vsc38053/miniconda3/envs/mmaction_clean/lib/python3.10/site-packages
    /tmp/tmp8e8so9rc
You should set `PYTHONPATH` to make `sys.path` include the directory which contains your custom module
