[mov,mp4,m4a,3gp,3g2,mj2 @ 0xdf33b00] Referenced QT chapter track not found
[mov,mp4,m4a,3gp,3g2,mj2 @ 0xdb5ac00] Referenced QT chapter track not found
[mov,mp4,m4a,3gp,3g2,mj2 @ 0xd527ec0] Referenced QT chapter track not found
Traceback (most recent call last):
  File "/data/leuven/380/vsc38053/miniconda3/envs/mmaction2/lib/python3.10/site-packages/torch/utils/data/dataloader.py", line 1275, in _try_get_data
    data = self._data_queue.get(timeout=timeout)
  File "/data/leuven/380/vsc38053/miniconda3/envs/mmaction2/lib/python3.10/multiprocessing/queues.py", line 113, in get
    if not self._poll(timeout):
  File "/data/leuven/380/vsc38053/miniconda3/envs/mmaction2/lib/python3.10/multiprocessing/connection.py", line 257, in poll
    return self._poll(timeout)
  File "/data/leuven/380/vsc38053/miniconda3/envs/mmaction2/lib/python3.10/multiprocessing/connection.py", line 424, in _poll
    r = wait([self], timeout)
  File "/data/leuven/380/vsc38053/miniconda3/envs/mmaction2/lib/python3.10/multiprocessing/connection.py", line 931, in wait
    ready = selector.select(timeout)
  File "/data/leuven/380/vsc38053/miniconda3/envs/mmaction2/lib/python3.10/selectors.py", line 416, in select
    fd_event_list = self._selector.poll(timeout)
  File "/data/leuven/380/vsc38053/miniconda3/envs/mmaction2/lib/python3.10/site-packages/torch/utils/data/_utils/signal_handling.py", line 73, in handler
    _error_if_any_worker_fails()
RuntimeError: DataLoader worker (pid 1139321) is killed by signal: Killed. 

The above exception was the direct cause of the following exception:

Traceback (most recent call last):
  File "/vsc-hard-mounts/leuven-data/380/vsc38053/RD_Project/mmaction2/tools/train.py", line 143, in <module>
    main()
  File "/vsc-hard-mounts/leuven-data/380/vsc38053/RD_Project/mmaction2/tools/train.py", line 139, in main
    runner.train()
  File "/data/leuven/380/vsc38053/miniconda3/envs/mmaction2/lib/python3.10/site-packages/mmengine/runner/runner.py", line 1777, in train
    model = self.train_loop.run()  # type: ignore
  File "/data/leuven/380/vsc38053/miniconda3/envs/mmaction2/lib/python3.10/site-packages/mmengine/runner/loops.py", line 98, in run
    self.run_epoch()
  File "/data/leuven/380/vsc38053/miniconda3/envs/mmaction2/lib/python3.10/site-packages/mmengine/runner/loops.py", line 114, in run_epoch
    for idx, data_batch in enumerate(self.dataloader):
  File "/data/leuven/380/vsc38053/miniconda3/envs/mmaction2/lib/python3.10/site-packages/torch/utils/data/dataloader.py", line 732, in __next__
    data = self._next_data()
  File "/data/leuven/380/vsc38053/miniconda3/envs/mmaction2/lib/python3.10/site-packages/torch/utils/data/dataloader.py", line 1482, in _next_data
    idx, data = self._get_data()
  File "/data/leuven/380/vsc38053/miniconda3/envs/mmaction2/lib/python3.10/site-packages/torch/utils/data/dataloader.py", line 1444, in _get_data
    success, data = self._try_get_data()
  File "/data/leuven/380/vsc38053/miniconda3/envs/mmaction2/lib/python3.10/site-packages/torch/utils/data/dataloader.py", line 1288, in _try_get_data
    raise RuntimeError(
RuntimeError: DataLoader worker (pid(s) 1139321) exited unexpectedly
slurmstepd: error: Detected 1 oom_kill event in StepId=65450375.batch. Some of the step tasks have been OOM Killed.
